<?xml version="1.0" encoding="UTF-8"?>
<!-- Generated by org.testng.reporters.JUnitReportReporter -->
<testsuite hostname="Uthmans-MacBook-Pro.local" failures="0" tests="3" name="scripts._01_Validate_SignInPageTest" time="36.400" errors="0" timestamp="2022-06-07T00:35:25 CDT" skipped="0">
  <testcase classname="scripts._01_Validate_SignInPageTest" name="validateCarsSignInPage" time="11.402"/>
  <system-out/>
  <testcase classname="scripts._01_Validate_SignInPageTest" name="validateCarsSignInPageSocialMediaSection" time="11.819"/>
  <system-out/>
  <testcase classname="scripts._01_Validate_SignInPageTest" name="validateUserCantSignIn" time="13.179"/>
  <system-out/>
</testsuite> <!-- scripts._01_Validate_SignInPageTest -->
